This is pdfTeX, Version 3.141592653-2.6-1.40.25 (MiKTeX 24.1) (preloaded format=pdflatex 2024.8.22)  12 SEP 2024 15:03
entering extended mode
 restricted \write18 enabled.
 file:line:error style messages enabled.
 %&-line parsing enabled.
**"c:/Users/barbo/Desktop/thesis repo clone/thesis/Thesis Draft/report.tex"
(c:/Users/barbo/Desktop/thesis repo clone/thesis/Thesis Draft/report.tex
LaTeX2e <2023-11-01> patch level 1
L3 programming layer <2024-01-04>
(C:\Users\barbo\AppData\Local\Programs\MiKTeX\tex/latex/base\report.cls
Document Class: report 2023/05/17 v1.4n Standard LaTeX document class
(C:\Users\barbo\AppData\Local\Programs\MiKTeX\tex/latex/base\size10.clo
File: size10.clo 2023/05/17 v1.4n Standard LaTeX file (size option)
)
\c@part=\count187
\c@chapter=\count188
\c@section=\count189
\c@subsection=\count190
\c@subsubsection=\count191
\c@paragraph=\count192
\c@subparagraph=\count193
\c@figure=\count194
\c@table=\count195
\abovecaptionskip=\skip48
\belowcaptionskip=\skip49
\bibindent=\dimen140
)
(C:\Users\barbo\AppData\Local\Programs\MiKTeX\tex/latex/graphics\graphicx.sty
Package: graphicx 2021/09/16 v1.2d Enhanced LaTeX Graphics (DPC,SPQR)

(C:\Users\barbo\AppData\Local\Programs\MiKTeX\tex/latex/graphics\keyval.sty
Package: keyval 2022/05/29 v1.15 key=value parser (DPC)
\KV@toks@=\toks17
)
(C:\Users\barbo\AppData\Local\Programs\MiKTeX\tex/latex/graphics\graphics.sty
Package: graphics 2022/03/10 v1.4e Standard LaTeX Graphics (DPC,SPQR)

(C:\Users\barbo\AppData\Local\Programs\MiKTeX\tex/latex/graphics\trig.sty
Package: trig 2021/08/11 v1.11 sin cos tan (DPC)
)
(C:\Users\barbo\AppData\Local\Programs\MiKTeX\tex/latex/graphics-cfg\graphics.c
fg
File: graphics.cfg 2016/06/04 v1.11 sample graphics configuration
)
Package graphics Info: Driver file: pdftex.def on input line 107.

(C:\Users\barbo\AppData\Local\Programs\MiKTeX\tex/latex/graphics-def\pdftex.def
File: pdftex.def 2022/09/22 v1.2b Graphics/color driver for pdftex
))
\Gin@req@height=\dimen141
\Gin@req@width=\dimen142
)
(C:\Users\barbo\AppData\Local\Programs\MiKTeX\tex/latex/caption\subcaption.sty
Package: subcaption 2023/07/28 v1.6b Sub-captions (AR)

(C:\Users\barbo\AppData\Local\Programs\MiKTeX\tex/latex/caption\caption.sty
Package: caption 2023/08/05 v3.6o Customizing captions (AR)

(C:\Users\barbo\AppData\Local\Programs\MiKTeX\tex/latex/caption\caption3.sty
Package: caption3 2023/07/31 v2.4d caption3 kernel (AR)
\caption@tempdima=\dimen143
\captionmargin=\dimen144
\caption@leftmargin=\dimen145
\caption@rightmargin=\dimen146
\caption@width=\dimen147
\caption@indent=\dimen148
\caption@parindent=\dimen149
\caption@hangindent=\dimen150
Package caption Info: Standard document class detected.
)
\c@caption@flags=\count196
\c@continuedfloat=\count197
)
Package caption Info: New subtype `subfigure' on input line 238.
\c@subfigure=\count198
Package caption Info: New subtype `subtable' on input line 238.
\c@subtable=\count199
) (C:\Users\barbo\AppData\Local\Programs\MiKTeX\tex/latex/hyperref\hyperref.sty
Package: hyperref 2023-11-26 v7.01g Hypertext links for LaTeX

(C:\Users\barbo\AppData\Local\Programs\MiKTeX\tex/generic/iftex\iftex.sty
Package: iftex 2022/02/03 v1.0f TeX engine tests
)
(C:\Users\barbo\AppData\Local\Programs\MiKTeX\tex/generic/infwarerr\infwarerr.s
ty
Package: infwarerr 2019/12/03 v1.5 Providing info/warning/error messages (HO)
)
(C:\Users\barbo\AppData\Local\Programs\MiKTeX\tex/latex/kvsetkeys\kvsetkeys.sty
Package: kvsetkeys 2022-10-05 v1.19 Key value parser (HO)
)
(C:\Users\barbo\AppData\Local\Programs\MiKTeX\tex/generic/kvdefinekeys\kvdefine
keys.sty
Package: kvdefinekeys 2019-12-19 v1.6 Define keys (HO)
)
(C:\Users\barbo\AppData\Local\Programs\MiKTeX\tex/generic/pdfescape\pdfescape.s
ty
Package: pdfescape 2019/12/09 v1.15 Implements pdfTeX's escape features (HO)

(C:\Users\barbo\AppData\Local\Programs\MiKTeX\tex/generic/ltxcmds\ltxcmds.sty
Package: ltxcmds 2023-12-04 v1.26 LaTeX kernel commands for general use (HO)
)
(C:\Users\barbo\AppData\Local\Programs\MiKTeX\tex/generic/pdftexcmds\pdftexcmds
.sty
Package: pdftexcmds 2020-06-27 v0.33 Utility functions of pdfTeX for LuaTeX (HO
)
Package pdftexcmds Info: \pdf@primitive is available.
Package pdftexcmds Info: \pdf@ifprimitive is available.
Package pdftexcmds Info: \pdfdraftmode found.
))
(C:\Users\barbo\AppData\Local\Programs\MiKTeX\tex/latex/hycolor\hycolor.sty
Package: hycolor 2020-01-27 v1.10 Color options for hyperref/bookmark (HO)
)
(C:\Users\barbo\AppData\Local\Programs\MiKTeX\tex/latex/letltxmacro\letltxmacro
.sty
Package: letltxmacro 2019/12/03 v1.6 Let assignment for LaTeX macros (HO)
)
(C:\Users\barbo\AppData\Local\Programs\MiKTeX\tex/latex/auxhook\auxhook.sty
Package: auxhook 2019-12-17 v1.6 Hooks for auxiliary files (HO)
)
(C:\Users\barbo\AppData\Local\Programs\MiKTeX\tex/latex/hyperref\nameref.sty
Package: nameref 2023-11-26 v2.56 Cross-referencing by name of section

(C:\Users\barbo\AppData\Local\Programs\MiKTeX\tex/latex/refcount\refcount.sty
Package: refcount 2019/12/15 v3.6 Data extraction from label references (HO)
)
(C:\Users\barbo\AppData\Local\Programs\MiKTeX\tex/generic/gettitlestring\gettit
lestring.sty
Package: gettitlestring 2019/12/15 v1.6 Cleanup title references (HO)

(C:\Users\barbo\AppData\Local\Programs\MiKTeX\tex/latex/kvoptions\kvoptions.sty
Package: kvoptions 2022-06-15 v3.15 Key value format for package options (HO)
))
\c@section@level=\count266
)
(C:\Users\barbo\AppData\Local\Programs\MiKTeX\tex/latex/etoolbox\etoolbox.sty
Package: etoolbox 2020/10/05 v2.5k e-TeX tools for LaTeX (JAW)
\etb@tempcnta=\count267
)
\@linkdim=\dimen151
\Hy@linkcounter=\count268
\Hy@pagecounter=\count269

(C:\Users\barbo\AppData\Local\Programs\MiKTeX\tex/latex/hyperref\pd1enc.def
File: pd1enc.def 2023-11-26 v7.01g Hyperref: PDFDocEncoding definition (HO)
Now handling font encoding PD1 ...
... no UTF-8 mapping file for font encoding PD1
)
(C:\Users\barbo\AppData\Local\Programs\MiKTeX\tex/generic/intcalc\intcalc.sty
Package: intcalc 2019/12/15 v1.3 Expandable calculations with integers (HO)
)
\Hy@SavedSpaceFactor=\count270

(C:\Users\barbo\AppData\Local\Programs\MiKTeX\tex/latex/hyperref\puenc.def
File: puenc.def 2023-11-26 v7.01g Hyperref: PDF Unicode definition (HO)
Now handling font encoding PU ...
... no UTF-8 mapping file for font encoding PU
)
Package hyperref Info: Hyper figures OFF on input line 4181.
Package hyperref Info: Link nesting OFF on input line 4186.
Package hyperref Info: Hyper index ON on input line 4189.
Package hyperref Info: Plain pages OFF on input line 4196.
Package hyperref Info: Backreferencing OFF on input line 4201.
Package hyperref Info: Implicit mode ON; LaTeX internals redefined.
Package hyperref Info: Bookmarks ON on input line 4448.
\c@Hy@tempcnt=\count271

(C:\Users\barbo\AppData\Local\Programs\MiKTeX\tex/latex/url\url.sty
\Urlmuskip=\muskip16
Package: url 2013/09/16  ver 3.4  Verb mode for urls, etc.
)
LaTeX Info: Redefining \url on input line 4786.
\XeTeXLinkMargin=\dimen152

(C:\Users\barbo\AppData\Local\Programs\MiKTeX\tex/generic/bitset\bitset.sty
Package: bitset 2019/12/09 v1.3 Handle bit-vector datatype (HO)

(C:\Users\barbo\AppData\Local\Programs\MiKTeX\tex/generic/bigintcalc\bigintcalc
.sty
Package: bigintcalc 2019/12/15 v1.5 Expandable calculations on big integers (HO
)
))
\Fld@menulength=\count272
\Field@Width=\dimen153
\Fld@charsize=\dimen154
Package hyperref Info: Hyper figures OFF on input line 6065.
Package hyperref Info: Link nesting OFF on input line 6070.
Package hyperref Info: Hyper index ON on input line 6073.
Package hyperref Info: backreferencing OFF on input line 6080.
Package hyperref Info: Link coloring OFF on input line 6085.
Package hyperref Info: Link coloring with OCG OFF on input line 6090.
Package hyperref Info: PDF/A mode OFF on input line 6095.

(C:\Users\barbo\AppData\Local\Programs\MiKTeX\tex/latex/base\atbegshi-ltx.sty
Package: atbegshi-ltx 2021/01/10 v1.0c Emulation of the original atbegshi
package with kernel methods
)
\Hy@abspage=\count273
\c@Item=\count274
\c@Hfootnote=\count275
)
Package hyperref Info: Driver (autodetected): hpdftex.
(C:\Users\barbo\AppData\Local\Programs\MiKTeX\tex/latex/hyperref\hpdftex.def
File: hpdftex.def 2023-11-26 v7.01g Hyperref driver for pdfTeX

(C:\Users\barbo\AppData\Local\Programs\MiKTeX\tex/latex/base\atveryend-ltx.sty
Package: atveryend-ltx 2020/08/19 v1.0a Emulation of the original atveryend pac
kage
with kernel methods
)
\Fld@listcount=\count276
\c@bookmark@seq@number=\count277

(C:\Users\barbo\AppData\Local\Programs\MiKTeX\tex/latex/rerunfilecheck\rerunfil
echeck.sty
Package: rerunfilecheck 2022-07-10 v1.10 Rerun checks for auxiliary files (HO)

(C:\Users\barbo\AppData\Local\Programs\MiKTeX\tex/generic/uniquecounter\uniquec
ounter.sty
Package: uniquecounter 2019/12/15 v1.4 Provide unlimited unique counter (HO)
)
Package uniquecounter Info: New unique counter `rerunfilecheck' on input line 2
85.
)
\Hy@SectionHShift=\skip50
)
(C:\Users\barbo\AppData\Local\Programs\MiKTeX\tex/latex/biblatex\biblatex.sty
Package: biblatex 2023/03/05 v3.19 programmable bibliographies (PK/MW)

(C:\Users\barbo\AppData\Local\Programs\MiKTeX\tex/latex/logreq\logreq.sty
Package: logreq 2010/08/04 v1.0 xml request logger
\lrq@indent=\count278

(C:\Users\barbo\AppData\Local\Programs\MiKTeX\tex/latex/logreq\logreq.def
File: logreq.def 2010/08/04 v1.0 logreq spec v1.0
))
(C:\Users\barbo\AppData\Local\Programs\MiKTeX\tex/latex/base\ifthen.sty
Package: ifthen 2022/04/13 v1.1d Standard LaTeX ifthen package (DPC)
)
\c@tabx@nest=\count279
\c@listtotal=\count280
\c@listcount=\count281
\c@liststart=\count282
\c@liststop=\count283
\c@citecount=\count284
\c@citetotal=\count285
\c@multicitecount=\count286
\c@multicitetotal=\count287
\c@instcount=\count288
\c@maxnames=\count289
\c@minnames=\count290
\c@maxitems=\count291
\c@minitems=\count292
\c@citecounter=\count293
\c@maxcitecounter=\count294
\c@savedcitecounter=\count295
\c@uniquelist=\count296
\c@uniquename=\count297
\c@refsection=\count298
\c@refsegment=\count299
\c@maxextratitle=\count300
\c@maxextratitleyear=\count301
\c@maxextraname=\count302
\c@maxextradate=\count303
\c@maxextraalpha=\count304
\c@abbrvpenalty=\count305
\c@highnamepenalty=\count306
\c@lownamepenalty=\count307
\c@maxparens=\count308
\c@parenlevel=\count309
\blx@tempcnta=\count310
\blx@tempcntb=\count311
\blx@tempcntc=\count312
\c@blx@maxsection=\count313
\blx@maxsegment@0=\count314
\blx@notetype=\count315
\blx@parenlevel@text=\count316
\blx@parenlevel@foot=\count317
\blx@sectionciteorder@0=\count318
\blx@sectionciteorderinternal@0=\count319
\blx@entrysetcounter=\count320
\blx@biblioinstance=\count321
\labelnumberwidth=\skip51
\labelalphawidth=\skip52
\biblabelsep=\skip53
\bibitemsep=\skip54
\bibnamesep=\skip55
\bibinitsep=\skip56
\bibparsep=\skip57
\bibhang=\skip58
\blx@bcfin=\read2
\blx@bcfout=\write3
\blx@langwohyphens=\language79
\c@mincomprange=\count322
\c@maxcomprange=\count323
\c@mincompwidth=\count324
Package biblatex Info: Trying to load biblatex default data model...
Package biblatex Info: ... file 'blx-dm.def' found.

(C:\Users\barbo\AppData\Local\Programs\MiKTeX\tex/latex/biblatex\blx-dm.def
File: blx-dm.def 2023/03/05 v3.19 biblatex localization (PK/MW)
)
Package biblatex Info: Trying to load biblatex style data model...
Package biblatex Info: ... file 'alphabetic.dbx' not found.
Package biblatex Info: Trying to load biblatex custom data model...
Package biblatex Info: ... file 'biblatex-dm.cfg' not found.
\c@afterword=\count325
\c@savedafterword=\count326
\c@annotator=\count327
\c@savedannotator=\count328
\c@author=\count329
\c@savedauthor=\count330
\c@bookauthor=\count331
\c@savedbookauthor=\count332
\c@commentator=\count333
\c@savedcommentator=\count334
\c@editor=\count335
\c@savededitor=\count336
\c@editora=\count337
\c@savededitora=\count338
\c@editorb=\count339
\c@savededitorb=\count340
\c@editorc=\count341
\c@savededitorc=\count342
\c@foreword=\count343
\c@savedforeword=\count344
\c@holder=\count345
\c@savedholder=\count346
\c@introduction=\count347
\c@savedintroduction=\count348
\c@namea=\count349
\c@savednamea=\count350
\c@nameb=\count351
\c@savednameb=\count352
\c@namec=\count353
\c@savednamec=\count354
\c@translator=\count355
\c@savedtranslator=\count356
\c@shortauthor=\count357
\c@savedshortauthor=\count358
\c@shorteditor=\count359
\c@savedshorteditor=\count360
\c@labelname=\count361
\c@savedlabelname=\count362
\c@institution=\count363
\c@savedinstitution=\count364
\c@lista=\count365
\c@savedlista=\count366
\c@listb=\count367
\c@savedlistb=\count368
\c@listc=\count369
\c@savedlistc=\count370
\c@listd=\count371
\c@savedlistd=\count372
\c@liste=\count373
\c@savedliste=\count374
\c@listf=\count375
\c@savedlistf=\count376
\c@location=\count377
\c@savedlocation=\count378
\c@organization=\count379
\c@savedorganization=\count380
\c@origlocation=\count381
\c@savedoriglocation=\count382
\c@origpublisher=\count383
\c@savedorigpublisher=\count384
\c@publisher=\count385
\c@savedpublisher=\count386
\c@language=\count387
\c@savedlanguage=\count388
\c@origlanguage=\count389
\c@savedoriglanguage=\count390
\c@pageref=\count391
\c@savedpageref=\count392
\shorthandwidth=\skip59
\shortjournalwidth=\skip60
\shortserieswidth=\skip61
\shorttitlewidth=\skip62
\shortauthorwidth=\skip63
\shorteditorwidth=\skip64
\locallabelnumberwidth=\skip65
\locallabelalphawidth=\skip66
\localshorthandwidth=\skip67
\localshortjournalwidth=\skip68
\localshortserieswidth=\skip69
\localshorttitlewidth=\skip70
\localshortauthorwidth=\skip71
\localshorteditorwidth=\skip72
Package biblatex Info: Trying to load compatibility code...
Package biblatex Info: ... file 'blx-compat.def' found.

(C:\Users\barbo\AppData\Local\Programs\MiKTeX\tex/latex/biblatex\blx-compat.def
File: blx-compat.def 2023/03/05 v3.19 biblatex compatibility (PK/MW)
)
Package biblatex Info: Trying to load generic definitions...
Package biblatex Info: ... file 'biblatex.def' found.
 (C:\Users\barbo\AppData\Local\Programs\MiKTeX\tex/latex/biblatex\biblatex.def
File: biblatex.def 2023/03/05 v3.19 biblatex compatibility (PK/MW)
\c@textcitecount=\count393
\c@textcitetotal=\count394
\c@textcitemaxnames=\count395
\c@biburlbigbreakpenalty=\count396
\c@biburlbreakpenalty=\count397
\c@biburlnumpenalty=\count398
\c@biburlucpenalty=\count399
\c@biburllcpenalty=\count400
\biburlbigskip=\muskip17
\biburlnumskip=\muskip18
\biburlucskip=\muskip19
\biburllcskip=\muskip20
\c@smartand=\count401
)
Package biblatex Info: Trying to load bibliography style 'alphabetic'...
Package biblatex Info: ... file 'alphabetic.bbx' found.

(C:\Users\barbo\AppData\Local\Programs\MiKTeX\tex/latex/biblatex/bbx\alphabetic
.bbx
File: alphabetic.bbx 2023/03/05 v3.19 biblatex bibliography style (PK/MW)
Package biblatex Info: Trying to load bibliography style 'standard'...
Package biblatex Info: ... file 'standard.bbx' found.

(C:\Users\barbo\AppData\Local\Programs\MiKTeX\tex/latex/biblatex/bbx\standard.b
bx
File: standard.bbx 2023/03/05 v3.19 biblatex bibliography style (PK/MW)
\c@bbx:relatedcount=\count402
\c@bbx:relatedtotal=\count403
))
Package biblatex Info: Trying to load citation style 'alphabetic'...
Package biblatex Info: ... file 'alphabetic.cbx' found.

(C:\Users\barbo\AppData\Local\Programs\MiKTeX\tex/latex/biblatex/cbx\alphabetic
.cbx
File: alphabetic.cbx 2023/03/05 v3.19 biblatex citation style (PK/MW)
Package biblatex Info: Redefining '\cite'.
Package biblatex Info: Redefining '\parencite'.
Package biblatex Info: Redefining '\footcite'.
Package biblatex Info: Redefining '\footcitetext'.
Package biblatex Info: Redefining '\smartcite'.
Package biblatex Info: Redefining '\textcite'.
Package biblatex Info: Redefining '\textcites'.
Package biblatex Info: Redefining '\cites'.
Package biblatex Info: Redefining '\parencites'.
Package biblatex Info: Redefining '\smartcites'.
)
Package biblatex Info: Trying to load configuration file...
Package biblatex Info: ... file 'biblatex.cfg' found.

(C:\Users\barbo\AppData\Local\Programs\MiKTeX\tex/latex/biblatex\biblatex.cfg
File: biblatex.cfg 
)
Package biblatex Info: Input encoding 'utf8' detected.
Package biblatex Info: Document encoding is UTF8 ....

(C:\Users\barbo\AppData\Local\Programs\MiKTeX\tex/latex/l3kernel\expl3.sty
Package: expl3 2024-01-04 L3 programming layer (loader) 

(C:\Users\barbo\AppData\Local\Programs\MiKTeX\tex/latex/l3backend\l3backend-pdf
tex.def
File: l3backend-pdftex.def 2024-01-04 L3 backend support: PDF output (pdfTeX)
\l__color_backend_stack_int=\count404
\l__pdf_internal_box=\box51
))
Package biblatex Info: ... and expl3
(biblatex)             2024-01-04 L3 programming layer (loader) 
(biblatex)             is new enough (at least 2020/04/06),
(biblatex)             setting 'casechanger=expl3'.

(C:\Users\barbo\AppData\Local\Programs\MiKTeX\tex/latex/biblatex\blx-case-expl3
.sty
(C:\Users\barbo\AppData\Local\Programs\MiKTeX\tex/latex/l3packages/xparse\xpars
e.sty
Package: xparse 2023-10-10 L3 Experimental document command parser
)
Package: blx-case-expl3 2023/03/05 v3.19 expl3 case changing code for biblatex
))
\@quotelevel=\count405
\@quotereset=\count406

(c:\Users\barbo\Desktop\thesis repo clone\thesis\Thesis Draft\build\report.aux
(c:\Users\barbo\Desktop\thesis repo clone\thesis\Thesis Draft\build\reports/rep
ort1.aux))
\openout1 = `report.aux'.

LaTeX Font Info:    Checking defaults for OML/cmm/m/it on input line 15.
LaTeX Font Info:    ... okay on input line 15.
LaTeX Font Info:    Checking defaults for OMS/cmsy/m/n on input line 15.
LaTeX Font Info:    ... okay on input line 15.
LaTeX Font Info:    Checking defaults for OT1/cmr/m/n on input line 15.
LaTeX Font Info:    ... okay on input line 15.
LaTeX Font Info:    Checking defaults for T1/cmr/m/n on input line 15.
LaTeX Font Info:    ... okay on input line 15.
LaTeX Font Info:    Checking defaults for TS1/cmr/m/n on input line 15.
LaTeX Font Info:    ... okay on input line 15.
LaTeX Font Info:    Checking defaults for OMX/cmex/m/n on input line 15.
LaTeX Font Info:    ... okay on input line 15.
LaTeX Font Info:    Checking defaults for U/cmr/m/n on input line 15.
LaTeX Font Info:    ... okay on input line 15.
LaTeX Font Info:    Checking defaults for PD1/pdf/m/n on input line 15.
LaTeX Font Info:    ... okay on input line 15.
LaTeX Font Info:    Checking defaults for PU/pdf/m/n on input line 15.
LaTeX Font Info:    ... okay on input line 15.

(C:\Users\barbo\AppData\Local\Programs\MiKTeX\tex/context/base/mkii\supp-pdf.mk
ii
[Loading MPS to PDF converter (version 2006.09.02).]
\scratchcounter=\count407
\scratchdimen=\dimen155
\scratchbox=\box52
\nofMPsegments=\count408
\nofMParguments=\count409
\everyMPshowfont=\toks18
\MPscratchCnt=\count410
\MPscratchDim=\dimen156
\MPnumerator=\count411
\makeMPintoPDFobject=\count412
\everyMPtoPDFconversion=\toks19
)
(C:\Users\barbo\AppData\Local\Programs\MiKTeX\tex/latex/epstopdf-pkg\epstopdf-b
ase.sty
Package: epstopdf-base 2020-01-24 v2.11 Base part for package epstopdf
Package epstopdf-base Info: Redefining graphics rule for `.eps' on input line 4
85.

(C:\Users\barbo\AppData\Local\Programs\MiKTeX\tex/latex/00miktex\epstopdf-sys.c
fg
File: epstopdf-sys.cfg 2021/03/18 v2.0 Configuration of epstopdf for MiKTeX
))
Package caption Info: Begin \AtBeginDocument code.
Package caption Info: hyperref package is loaded.
Package caption Info: End \AtBeginDocument code.
Package hyperref Info: Link coloring OFF on input line 15.

(c:\Users\barbo\Desktop\thesis repo clone\thesis\Thesis Draft\build\report.out)
(c:\Users\barbo\Desktop\thesis repo clone\thesis\Thesis Draft\build\report.out)
\@outlinefile=\write4
\openout4 = `report.out'.

Package biblatex Info: Trying to load language 'english'...
Package biblatex Info: ... file 'english.lbx' found.

(C:\Users\barbo\AppData\Local\Programs\MiKTeX\tex/latex/biblatex/lbx\english.lb
x
File: english.lbx 2023/03/05 v3.19 biblatex localization (PK/MW)
)
Package biblatex Info: Input encoding 'utf8' detected.
Package biblatex Info: Automatic encoding selection.
(biblatex)             Assuming data encoding 'utf8'.
\openout3 = `report.bcf'.

Package biblatex Info: Trying to load bibliographic data...
Package biblatex Info: ... file 'report.bbl' found.

(c:\Users\barbo\Desktop\thesis repo clone\thesis\Thesis Draft\build\report.bbl)
Package biblatex Info: Reference section=0 on input line 15.
Package biblatex Info: Reference segment=0 on input line 15.
LaTeX Font Info:    External font `cmex10' loaded for size
(Font)              <12> on input line 18.
LaTeX Font Info:    External font `cmex10' loaded for size
(Font)              <8> on input line 18.
LaTeX Font Info:    External font `cmex10' loaded for size
(Font)              <6> on input line 18.
[1

{C:/Users/barbo/AppData/Local/MiKTeX/fonts/map/pdftex/pdftex.map}]
\openout2 = `reports/report1.aux'.


(reports/report1.tex
LaTeX Font Info:    External font `cmex10' loaded for size
(Font)              <7> on input line 8.
LaTeX Font Info:    External font `cmex10' loaded for size
(Font)              <5> on input line 8.
<C:/Users/barbo/Desktop/thesis repo clone/thesis/Thesis Draft/figures/SC_matric
es_heatmap.png, id=26, 1084.05pt x 650.43pt>
File: C:/Users/barbo/Desktop/thesis repo clone/thesis/Thesis Draft/figures/SC_m
atrices_heatmap.png Graphic file (type png)
<use C:/Users/barbo/Desktop/thesis repo clone/thesis/Thesis Draft/figures/SC_ma
trices_heatmap.png>
Package pdftex.def Info: C:/Users/barbo/Desktop/thesis repo clone/thesis/Thesis
 Draft/figures/SC_matrices_heatmap.png  used on input line 19.
(pdftex.def)             Requested size: 155.24895pt x 93.14377pt.
<C:/Users/barbo/Desktop/thesis repo clone/thesis/Thesis Draft/figures/FC_matric
es_heatmap.png, id=28, 1084.05pt x 650.43pt>
File: C:/Users/barbo/Desktop/thesis repo clone/thesis/Thesis Draft/figures/FC_m
atrices_heatmap.png Graphic file (type png)
<use C:/Users/barbo/Desktop/thesis repo clone/thesis/Thesis Draft/figures/FC_ma
trices_heatmap.png>
Package pdftex.def Info: C:/Users/barbo/Desktop/thesis repo clone/thesis/Thesis
 Draft/figures/FC_matrices_heatmap.png  used on input line 23.
(pdftex.def)             Requested size: 155.24895pt x 93.14377pt.
<C:/Users/barbo/Desktop/thesis repo clone/thesis/Thesis Draft/figures/SC_matric
es_heatmap_preprocessed.png, id=29, 1084.05pt x 650.43pt>
File: C:/Users/barbo/Desktop/thesis repo clone/thesis/Thesis Draft/figures/SC_m
atrices_heatmap_preprocessed.png Graphic file (type png)
<use C:/Users/barbo/Desktop/thesis repo clone/thesis/Thesis Draft/figures/SC_ma
trices_heatmap_preprocessed.png>
Package pdftex.def Info: C:/Users/barbo/Desktop/thesis repo clone/thesis/Thesis
 Draft/figures/SC_matrices_heatmap_preprocessed.png  used on input line 27.
(pdftex.def)             Requested size: 155.24895pt x 93.14377pt.
<C:/Users/barbo/Desktop/thesis repo clone/thesis/Thesis Draft/figures/FC_matric
es_heatmap_preprocessed.png, id=30, 1084.05pt x 650.43pt>
File: C:/Users/barbo/Desktop/thesis repo clone/thesis/Thesis Draft/figures/FC_m
atrices_heatmap_preprocessed.png Graphic file (type png)
<use C:/Users/barbo/Desktop/thesis repo clone/thesis/Thesis Draft/figures/FC_ma
trices_heatmap_preprocessed.png>
Package pdftex.def Info: C:/Users/barbo/Desktop/thesis repo clone/thesis/Thesis
 Draft/figures/FC_matrices_heatmap_preprocessed.png  used on input line 31.
(pdftex.def)             Requested size: 155.24895pt x 93.14377pt.
<C:/Users/barbo/Desktop/thesis repo clone/thesis/Thesis Draft/figures/SC_matric
es_histogram.png, id=31, 1084.05pt x 650.43pt>
File: C:/Users/barbo/Desktop/thesis repo clone/thesis/Thesis Draft/figures/SC_m
atrices_histogram.png Graphic file (type png)
<use C:/Users/barbo/Desktop/thesis repo clone/thesis/Thesis Draft/figures/SC_ma
trices_histogram.png>
Package pdftex.def Info: C:/Users/barbo/Desktop/thesis repo clone/thesis/Thesis
 Draft/figures/SC_matrices_histogram.png  used on input line 41.
(pdftex.def)             Requested size: 155.24895pt x 93.14377pt.
<C:/Users/barbo/Desktop/thesis repo clone/thesis/Thesis Draft/figures/FC_matric
es_histogram.png, id=32, 1084.05pt x 650.43pt>
File: C:/Users/barbo/Desktop/thesis repo clone/thesis/Thesis Draft/figures/FC_m
atrices_histogram.png Graphic file (type png)
<use C:/Users/barbo/Desktop/thesis repo clone/thesis/Thesis Draft/figures/FC_ma
trices_histogram.png>
Package pdftex.def Info: C:/Users/barbo/Desktop/thesis repo clone/thesis/Thesis
 Draft/figures/FC_matrices_histogram.png  used on input line 45.
(pdftex.def)             Requested size: 155.24895pt x 93.14377pt.
<C:/Users/barbo/Desktop/thesis repo clone/thesis/Thesis Draft/figures/SC_matric
es_histogram_preprocessed.png, id=33, 1084.05pt x 650.43pt>
File: C:/Users/barbo/Desktop/thesis repo clone/thesis/Thesis Draft/figures/SC_m
atrices_histogram_preprocessed.png Graphic file (type png)
<use C:/Users/barbo/Desktop/thesis repo clone/thesis/Thesis Draft/figures/SC_ma
trices_histogram_preprocessed.png>
Package pdftex.def Info: C:/Users/barbo/Desktop/thesis repo clone/thesis/Thesis
 Draft/figures/SC_matrices_histogram_preprocessed.png  used on input line 49.
(pdftex.def)             Requested size: 155.24895pt x 93.14377pt.
<C:/Users/barbo/Desktop/thesis repo clone/thesis/Thesis Draft/figures/FC_matric
es_histogram_preprocessed.png, id=34, 1084.05pt x 650.43pt>
File: C:/Users/barbo/Desktop/thesis repo clone/thesis/Thesis Draft/figures/FC_m
atrices_histogram_preprocessed.png Graphic file (type png)
<use C:/Users/barbo/Desktop/thesis repo clone/thesis/Thesis Draft/figures/FC_ma
trices_histogram_preprocessed.png>
Package pdftex.def Info: C:/Users/barbo/Desktop/thesis repo clone/thesis/Thesis
 Draft/figures/FC_matrices_histogram_preprocessed.png  used on input line 53.
(pdftex.def)             Requested size: 155.24895pt x 93.14377pt.


LaTeX Warning: `!h' float specifier changed to `!ht'.


pdfTeX warning (ext4): destination with the same identifier (name{page.1}) has 
been already used, duplicate ignored
<to be read again> 
                   \relax 
l.67 
      [1

 <C:/Users/barbo/Desktop/thesis repo clone/thesis/Thesis Draft/figures/SC_matri
ces_heatmap.png> <C:/Users/barbo/Desktop/thesis repo clone/thesis/Thesis Draft/
figures/FC_matrices_heatmap.png> <C:/Users/barbo/Desktop/thesis repo clone/thes
is/Thesis Draft/figures/SC_matrices_heatmap_preprocessed.png> <C:/Users/barbo/D
esktop/thesis repo clone/thesis/Thesis Draft/figures/FC_matrices_heatmap_prepro
cessed.png>]
<C:/Users/barbo/Desktop/thesis repo clone/thesis/Thesis Draft/figures/SC_graphs
.png, id=47, 1084.05pt x 650.43pt>
File: C:/Users/barbo/Desktop/thesis repo clone/thesis/Thesis Draft/figures/SC_g
raphs.png Graphic file (type png)
<use C:/Users/barbo/Desktop/thesis repo clone/thesis/Thesis Draft/figures/SC_gr
aphs.png>
Package pdftex.def Info: C:/Users/barbo/Desktop/thesis repo clone/thesis/Thesis
 Draft/figures/SC_graphs.png  used on input line 71.
(pdftex.def)             Requested size: 155.24895pt x 93.14377pt.
<C:/Users/barbo/Desktop/thesis repo clone/thesis/Thesis Draft/figures/FC_graphs
.png, id=48, 1084.05pt x 650.43pt>
File: C:/Users/barbo/Desktop/thesis repo clone/thesis/Thesis Draft/figures/FC_g
raphs.png Graphic file (type png)
<use C:/Users/barbo/Desktop/thesis repo clone/thesis/Thesis Draft/figures/FC_gr
aphs.png>
Package pdftex.def Info: C:/Users/barbo/Desktop/thesis repo clone/thesis/Thesis
 Draft/figures/FC_graphs.png  used on input line 75.
(pdftex.def)             Requested size: 155.24895pt x 93.14377pt.
<C:/Users/barbo/Desktop/thesis repo clone/thesis/Thesis Draft/figures/SC_graphs
_preprocessed.png, id=49, 1084.05pt x 650.43pt>
File: C:/Users/barbo/Desktop/thesis repo clone/thesis/Thesis Draft/figures/SC_g
raphs_preprocessed.png Graphic file (type png)
<use C:/Users/barbo/Desktop/thesis repo clone/thesis/Thesis Draft/figures/SC_gr
aphs_preprocessed.png>
Package pdftex.def Info: C:/Users/barbo/Desktop/thesis repo clone/thesis/Thesis
 Draft/figures/SC_graphs_preprocessed.png  used on input line 80.
(pdftex.def)             Requested size: 155.24895pt x 93.14377pt.
<C:/Users/barbo/Desktop/thesis repo clone/thesis/Thesis Draft/figures/FC_graphs
_preprocessed.png, id=50, 1084.05pt x 650.43pt>
File: C:/Users/barbo/Desktop/thesis repo clone/thesis/Thesis Draft/figures/FC_g
raphs_preprocessed.png Graphic file (type png)
<use C:/Users/barbo/Desktop/thesis repo clone/thesis/Thesis Draft/figures/FC_gr
aphs_preprocessed.png>
Package pdftex.def Info: C:/Users/barbo/Desktop/thesis repo clone/thesis/Thesis
 Draft/figures/FC_graphs_preprocessed.png  used on input line 84.
(pdftex.def)             Requested size: 155.24895pt x 93.14377pt.
<C:/Users/barbo/Desktop/thesis repo clone/thesis/Thesis Draft/figures/SC_graphs
_preprocessed_louvain.png, id=51, 1084.05pt x 650.43pt>
File: C:/Users/barbo/Desktop/thesis repo clone/thesis/Thesis Draft/figures/SC_g
raphs_preprocessed_louvain.png Graphic file (type png)
<use C:/Users/barbo/Desktop/thesis repo clone/thesis/Thesis Draft/figures/SC_gr
aphs_preprocessed_louvain.png>
Package pdftex.def Info: C:/Users/barbo/Desktop/thesis repo clone/thesis/Thesis
 Draft/figures/SC_graphs_preprocessed_louvain.png  used on input line 89.
(pdftex.def)             Requested size: 155.24895pt x 93.14377pt.
<C:/Users/barbo/Desktop/thesis repo clone/thesis/Thesis Draft/figures/FC_graphs
_preprocessed_louvain.png, id=52, 1084.05pt x 650.43pt>
File: C:/Users/barbo/Desktop/thesis repo clone/thesis/Thesis Draft/figures/FC_g
raphs_preprocessed_louvain.png Graphic file (type png)
<use C:/Users/barbo/Desktop/thesis repo clone/thesis/Thesis Draft/figures/FC_gr
aphs_preprocessed_louvain.png>
Package pdftex.def Info: C:/Users/barbo/Desktop/thesis repo clone/thesis/Thesis
 Draft/figures/FC_graphs_preprocessed_louvain.png  used on input line 93.
(pdftex.def)             Requested size: 155.24895pt x 93.14377pt.
<C:/Users/barbo/Desktop/thesis repo clone/thesis/Thesis Draft/figures/SC_graphs
_preprocessed_louvain_communities.png, id=53, 1084.05pt x 650.43pt>
File: C:/Users/barbo/Desktop/thesis repo clone/thesis/Thesis Draft/figures/SC_g
raphs_preprocessed_louvain_communities.png Graphic file (type png)
<use C:/Users/barbo/Desktop/thesis repo clone/thesis/Thesis Draft/figures/SC_gr
aphs_preprocessed_louvain_communities.png>
Package pdftex.def Info: C:/Users/barbo/Desktop/thesis repo clone/thesis/Thesis
 Draft/figures/SC_graphs_preprocessed_louvain_communities.png  used on input li
ne 98.
(pdftex.def)             Requested size: 155.24895pt x 93.14377pt.
<C:/Users/barbo/Desktop/thesis repo clone/thesis/Thesis Draft/figures/FC_graphs
_preprocessed_louvain_communities.png, id=54, 1084.05pt x 650.43pt>
File: C:/Users/barbo/Desktop/thesis repo clone/thesis/Thesis Draft/figures/FC_g
raphs_preprocessed_louvain_communities.png Graphic file (type png)
<use C:/Users/barbo/Desktop/thesis repo clone/thesis/Thesis Draft/figures/FC_gr
aphs_preprocessed_louvain_communities.png>
Package pdftex.def Info: C:/Users/barbo/Desktop/thesis repo clone/thesis/Thesis
 Draft/figures/FC_graphs_preprocessed_louvain_communities.png  used on input li
ne 102.
(pdftex.def)             Requested size: 155.24895pt x 93.14377pt.


LaTeX Warning: `!h' float specifier changed to `!ht'.

) [2 <C:/Users/barbo/Desktop/thesis repo clone/thesis/Thesis Draft/figures/SC_m
atrices_histogram.png> <C:/Users/barbo/Desktop/thesis repo clone/thesis/Thesis 
Draft/figures/FC_matrices_histogram.png> <C:/Users/barbo/Desktop/thesis repo cl
one/thesis/Thesis Draft/figures/SC_matrices_histogram_preprocessed.png> <C:/Use
rs/barbo/Desktop/thesis repo clone/thesis/Thesis Draft/figures/FC_matrices_hist
ogram_preprocessed.png>] [3 <C:/Users/barbo/Desktop/thesis repo clone/thesis/Th
esis Draft/figures/SC_graphs.png> <C:/Users/barbo/Desktop/thesis repo clone/the
sis/Thesis Draft/figures/FC_graphs.png> <C:/Users/barbo/Desktop/thesis repo clo
ne/thesis/Thesis Draft/figures/SC_graphs_preprocessed.png> <C:/Users/barbo/Desk
top/thesis repo clone/thesis/Thesis Draft/figures/FC_graphs_preprocessed.png> <
C:/Users/barbo/Desktop/thesis repo clone/thesis/Thesis Draft/figures/SC_graphs_
preprocessed_louvain.png> <C:/Users/barbo/Desktop/thesis repo clone/thesis/Thes
is Draft/figures/FC_graphs_preprocessed_louvain.png> <C:/Users/barbo/Desktop/th
esis repo clone/thesis/Thesis Draft/figures/SC_graphs_preprocessed_louvain_comm
unities.png> <C:/Users/barbo/Desktop/thesis repo clone/thesis/Thesis Draft/figu
res/FC_graphs_preprocessed_louvain_communities.png>]
\c@mybibcount=\count413

(c:\Users\barbo\Desktop\thesis repo clone\thesis\Thesis Draft\build\report.aux
(c:\Users\barbo\Desktop\thesis repo clone\thesis\Thesis Draft\build\reports/rep
ort1.aux))
 ***********
LaTeX2e <2023-11-01> patch level 1
L3 programming layer <2024-01-04>
 ***********
Package rerunfilecheck Info: File `report.out' has not changed.
(rerunfilecheck)             Checksum: F0DEB608316E20EFA03100D980BC9946;670.
Package logreq Info: Writing requests to 'report.run.xml'.
\openout1 = `report.run.xml'.

 ) 
Here is how much of TeX's memory you used:
 16995 strings out of 474486
 315938 string characters out of 5743755
 1934542 words of memory out of 5000000
 39125 multiletter control sequences out of 15000+600000
 562483 words of font info for 51 fonts, out of 8000000 for 9000
 1141 hyphenation exceptions out of 8191
 75i,8n,81p,742b,803s stack positions out of 10000i,1000n,20000p,200000b,200000s
<C:/Users/barbo/AppData/Local/Programs/MiKTeX/fonts/type1/public/amsfonts/cm/
cmbx12.pfb><C:/Users/barbo/AppData/Local/Programs/MiKTeX/fonts/type1/public/ams
fonts/cm/cmr10.pfb><C:/Users/barbo/AppData/Local/Programs/MiKTeX/fonts/type1/pu
blic/amsfonts/cm/cmr12.pfb><C:/Users/barbo/AppData/Local/Programs/MiKTeX/fonts/
type1/public/amsfonts/cm/cmr17.pfb><C:/Users/barbo/AppData/Local/Programs/MiKTe
X/fonts/type1/public/amsfonts/cm/cmr9.pfb><C:/Users/barbo/AppData/Local/Program
s/MiKTeX/fonts/type1/public/amsfonts/cm/cmsy10.pfb><C:/Users/barbo/AppData/Loca
l/Programs/MiKTeX/fonts/type1/public/amsfonts/cm/cmtt10.pfb>
Output written on "c:\Users\barbo\Desktop\thesis repo clone\thesis\Thesis Draft
\build\report.pdf" (4 pages, 6230338 bytes).
PDF statistics:
 112 PDF objects out of 1000 (max. 8388607)
 11 named destinations out of 1000 (max. 500000)
 113 words of extra memory for PDF output out of 10000 (max. 10000000)

